<?xml version="1.0" encoding="UTF-8"?>
<!-- Generated by org.testng.reporters.JUnitReportReporter -->
<testsuite skipped="0" hostname="G9GPW5H2E" name="com.ServiceMaxSelenium.TestRunner.TestRunner" tests="1" failures="0" timestamp="16 Feb 2019 12:22:06 GMT" time="10.113" errors="0">
  <testcase name="feature" time="10.113" classname="com.ServiceMaxSelenium.TestRunner.TestRunner"/>
</testsuite> <!-- com.ServiceMaxSelenium.TestRunner.TestRunner -->
